<?xml version="1.0" encoding="UTF-8"?>
<!-- Generated by org.testng.reporters.JUnitXMLReporter -->
<testsuite ignored="0" hostname="DESKTOP-Q48UDK1" failures="5" tests="5" name="Test_Goldenscent" time="232.248" errors="0" timestamp="2021-08-30T23:48:30 EET">
  <testcase classname="appTests.Test1" name="validateAddProductToCart on [Test1 passed=0 failed=0 skipped=0]" time="32.838">
    <failure type="org.openqa.selenium.TimeoutException" message="Expected condition failed: waiting for presence of element located by: By.AccessibilityId: Dummy2 (tried for 30 second(s) with 1000 milliseconds interval)">
      <![CDATA[org.openqa.selenium.TimeoutException: Expected condition failed: waiting for presence of element located by: By.AccessibilityId: Dummy2 (tried for 30 second(s) with 1000 milliseconds interval)
at org.openqa.selenium.support.ui.FluentWait.timeoutException(FluentWait.java:304)
at org.openqa.selenium.support.ui.FluentWait.until(FluentWait.java:272)
at appPages.PageBase.waitUntil(PageBase.java:24)
at appPages.Product_Screen.addItemToCart(Product_Screen.java:25)
at appTests.Test1.validateAddProductToCart(Test1.java:11)
at java.base/java.util.ArrayList.forEach(ArrayList.java:1511)
at com.intellij.rt.testng.IDEARemoteTestNG.run(IDEARemoteTestNG.java:66)
at com.intellij.rt.testng.RemoteTestNGStarter.main(RemoteTestNGStarter.java:109)
Caused by: org.openqa.selenium.NoSuchElementException: An element could not be located on the page using the given search parameters.
For documentation on this error, please visit: https://www.seleniumhq.org/exceptions/no_such_element.html
Build info: version: '3.141.59', revision: 'e82be7d358', time: '2018-11-14T08:17:03'
System info: host: 'DESKTOP-Q48UDK1', ip: '192.168.1.33', os.name: 'Windows 10', os.arch: 'amd64', os.version: '10.0', java.version: '15.0.1'
Driver info: io.appium.java_client.android.AndroidDriver
Capabilities {adbExecTimeout: 10000000, app: F:\Test_Goldenscent/Applica..., appPackage: com.exa.nanamarket.staging, autoGrantPermissions: true, automationName: appium, databaseEnabled: false, desired: {adbExecTimeout: 10000000, app: F:\Test_Goldenscent/Applica..., autoGrantPermissions: true, automationName: appium, deviceName: Android Device, fullReset: false, newCommandTimeout: 100000, noReset: true, platformName: android}, deviceApiLevel: 28, deviceManufacturer: HUAWEI, deviceModel: JKM-LX1, deviceName: DEF4C19712004814, deviceScreenDensity: 408, deviceScreenSize: 1080x2340, deviceUDID: DEF4C19712004814, fullReset: false, javascriptEnabled: true, locationContextEnabled: false, networkConnectionEnabled: true, newCommandTimeout: 100000, noReset: true, pixelRatio: 2.55, platform: LINUX, platformName: Android, platformVersion: 9, statBarHeight: 85, takesScreenshot: true, viewportRect: {height: 2052, left: 0, top: 85, width: 1080}, warnings: {}, webStorageEnabled: false}
Session ID: 0162fc8d-495d-4551-b7dd-958b8454ba88
*** Element info: {Using=accessibility id, value=Dummy2}
at org.openqa.selenium.remote.http.W3CHttpResponseCodec.createException(W3CHttpResponseCodec.java:187)
at org.openqa.selenium.remote.http.W3CHttpResponseCodec.decode(W3CHttpResponseCodec.java:122)
at org.openqa.selenium.remote.http.W3CHttpResponseCodec.decode(W3CHttpResponseCodec.java:49)
at org.openqa.selenium.remote.HttpCommandExecutor.execute(HttpCommandExecutor.java:158)
at io.appium.java_client.remote.AppiumCommandExecutor.execute(AppiumCommandExecutor.java:247)
at org.openqa.selenium.remote.RemoteWebDriver.execute(RemoteWebDriver.java:552)
at io.appium.java_client.DefaultGenericMobileDriver.execute(DefaultGenericMobileDriver.java:41)
at io.appium.java_client.AppiumDriver.execute(AppiumDriver.java:1)
at io.appium.java_client.android.AndroidDriver.execute(AndroidDriver.java:1)
at org.openqa.selenium.remote.RemoteWebDriver.findElement(RemoteWebDriver.java:323)
at io.appium.java_client.DefaultGenericMobileDriver.findElement(DefaultGenericMobileDriver.java:61)
at io.appium.java_client.AppiumDriver.findElement(AppiumDriver.java:1)
at io.appium.java_client.android.AndroidDriver.findElement(AndroidDriver.java:1)
at io.appium.java_client.FindsByAccessibilityId.findElementByAccessibilityId(FindsByAccessibilityId.java:37)
at io.appium.java_client.MobileBy$ByAccessibilityId.findElement(MobileBy.java:284)
at org.openqa.selenium.remote.RemoteWebDriver.findElement(RemoteWebDriver.java:315)
at io.appium.java_client.DefaultGenericMobileDriver.findElement(DefaultGenericMobileDriver.java:57)
at io.appium.java_client.AppiumDriver.findElement(AppiumDriver.java:1)
at io.appium.java_client.android.AndroidDriver.findElement(AndroidDriver.java:1)
at org.openqa.selenium.support.ui.ExpectedConditions$6.apply(ExpectedConditions.java:182)
at org.openqa.selenium.support.ui.ExpectedConditions$6.apply(ExpectedConditions.java:179)
at org.openqa.selenium.support.ui.FluentWait.until(FluentWait.java:249)
... 30 more
... Removed 29 stack frames]]>
    </failure>
  </testcase> <!-- validateAddProductToCart on [Test1 passed=0 failed=0 skipped=0] -->
  <testcase classname="appTests.Test1" name="validateIncreaseProductQuatity on [Test1 passed=0 failed=0 skipped=0]" time="32.691">
    <failure type="org.openqa.selenium.TimeoutException" message="Expected condition failed: waiting for presence of element located by: By.AccessibilityId: Dummy2 (tried for 30 second(s) with 1000 milliseconds interval)">
      <![CDATA[org.openqa.selenium.TimeoutException: Expected condition failed: waiting for presence of element located by: By.AccessibilityId: Dummy2 (tried for 30 second(s) with 1000 milliseconds interval)
at org.openqa.selenium.support.ui.FluentWait.timeoutException(FluentWait.java:304)
at org.openqa.selenium.support.ui.FluentWait.until(FluentWait.java:272)
at appPages.PageBase.waitUntil(PageBase.java:24)
at appPages.Product_Screen.addItemToCart(Product_Screen.java:25)
at appTests.Test1.validateIncreaseProductQuatity(Test1.java:17)
at java.base/java.util.ArrayList.forEach(ArrayList.java:1511)
at com.intellij.rt.testng.IDEARemoteTestNG.run(IDEARemoteTestNG.java:66)
at com.intellij.rt.testng.RemoteTestNGStarter.main(RemoteTestNGStarter.java:109)
Caused by: org.openqa.selenium.NoSuchElementException: An element could not be located on the page using the given search parameters.
For documentation on this error, please visit: https://www.seleniumhq.org/exceptions/no_such_element.html
Build info: version: '3.141.59', revision: 'e82be7d358', time: '2018-11-14T08:17:03'
System info: host: 'DESKTOP-Q48UDK1', ip: '192.168.1.33', os.name: 'Windows 10', os.arch: 'amd64', os.version: '10.0', java.version: '15.0.1'
Driver info: io.appium.java_client.android.AndroidDriver
Capabilities {adbExecTimeout: 10000000, app: F:\Test_Goldenscent/Applica..., appPackage: com.exa.nanamarket.staging, autoGrantPermissions: true, automationName: appium, databaseEnabled: false, desired: {adbExecTimeout: 10000000, app: F:\Test_Goldenscent/Applica..., autoGrantPermissions: true, automationName: appium, deviceName: Android Device, fullReset: false, newCommandTimeout: 100000, noReset: true, platformName: android}, deviceApiLevel: 28, deviceManufacturer: HUAWEI, deviceModel: JKM-LX1, deviceName: DEF4C19712004814, deviceScreenDensity: 408, deviceScreenSize: 1080x2340, deviceUDID: DEF4C19712004814, fullReset: false, javascriptEnabled: true, locationContextEnabled: false, networkConnectionEnabled: true, newCommandTimeout: 100000, noReset: true, pixelRatio: 2.55, platform: LINUX, platformName: Android, platformVersion: 9, statBarHeight: 85, takesScreenshot: true, viewportRect: {height: 2052, left: 0, top: 85, width: 1080}, warnings: {}, webStorageEnabled: false}
Session ID: 0162fc8d-495d-4551-b7dd-958b8454ba88
*** Element info: {Using=accessibility id, value=Dummy2}
at org.openqa.selenium.remote.http.W3CHttpResponseCodec.createException(W3CHttpResponseCodec.java:187)
at org.openqa.selenium.remote.http.W3CHttpResponseCodec.decode(W3CHttpResponseCodec.java:122)
at org.openqa.selenium.remote.http.W3CHttpResponseCodec.decode(W3CHttpResponseCodec.java:49)
at org.openqa.selenium.remote.HttpCommandExecutor.execute(HttpCommandExecutor.java:158)
at io.appium.java_client.remote.AppiumCommandExecutor.execute(AppiumCommandExecutor.java:247)
at org.openqa.selenium.remote.RemoteWebDriver.execute(RemoteWebDriver.java:552)
at io.appium.java_client.DefaultGenericMobileDriver.execute(DefaultGenericMobileDriver.java:41)
at io.appium.java_client.AppiumDriver.execute(AppiumDriver.java:1)
at io.appium.java_client.android.AndroidDriver.execute(AndroidDriver.java:1)
at org.openqa.selenium.remote.RemoteWebDriver.findElement(RemoteWebDriver.java:323)
at io.appium.java_client.DefaultGenericMobileDriver.findElement(DefaultGenericMobileDriver.java:61)
at io.appium.java_client.AppiumDriver.findElement(AppiumDriver.java:1)
at io.appium.java_client.android.AndroidDriver.findElement(AndroidDriver.java:1)
at io.appium.java_client.FindsByAccessibilityId.findElementByAccessibilityId(FindsByAccessibilityId.java:37)
at io.appium.java_client.MobileBy$ByAccessibilityId.findElement(MobileBy.java:284)
at org.openqa.selenium.remote.RemoteWebDriver.findElement(RemoteWebDriver.java:315)
at io.appium.java_client.DefaultGenericMobileDriver.findElement(DefaultGenericMobileDriver.java:57)
at io.appium.java_client.AppiumDriver.findElement(AppiumDriver.java:1)
at io.appium.java_client.android.AndroidDriver.findElement(AndroidDriver.java:1)
at org.openqa.selenium.support.ui.ExpectedConditions$6.apply(ExpectedConditions.java:182)
at org.openqa.selenium.support.ui.ExpectedConditions$6.apply(ExpectedConditions.java:179)
at org.openqa.selenium.support.ui.FluentWait.until(FluentWait.java:249)
... 30 more
... Removed 29 stack frames]]>
    </failure>
  </testcase> <!-- validateIncreaseProductQuatity on [Test1 passed=0 failed=0 skipped=0] -->
  <testcase classname="appTests.Test1" name="validateEverySizeHasTheCorrectPrice on [Test1 passed=0 failed=0 skipped=0]" time="32.569">
    <failure type="org.openqa.selenium.TimeoutException" message="Expected condition failed: waiting for presence of element located by: By.AccessibilityId: DummySize (tried for 30 second(s) with 1000 milliseconds interval)">
      <![CDATA[org.openqa.selenium.TimeoutException: Expected condition failed: waiting for presence of element located by: By.AccessibilityId: DummySize (tried for 30 second(s) with 1000 milliseconds interval)
at org.openqa.selenium.support.ui.FluentWait.timeoutException(FluentWait.java:304)
at org.openqa.selenium.support.ui.FluentWait.until(FluentWait.java:272)
at appPages.PageBase.waitUntil(PageBase.java:24)
at appPages.Product_Screen.validateEverySizePrice(Product_Screen.java:46)
at appTests.Test1.validateEverySizeHasTheCorrectPrice(Test1.java:35)
at java.base/java.util.ArrayList.forEach(ArrayList.java:1511)
at com.intellij.rt.testng.IDEARemoteTestNG.run(IDEARemoteTestNG.java:66)
at com.intellij.rt.testng.RemoteTestNGStarter.main(RemoteTestNGStarter.java:109)
Caused by: org.openqa.selenium.NoSuchElementException: An element could not be located on the page using the given search parameters.
For documentation on this error, please visit: https://www.seleniumhq.org/exceptions/no_such_element.html
Build info: version: '3.141.59', revision: 'e82be7d358', time: '2018-11-14T08:17:03'
System info: host: 'DESKTOP-Q48UDK1', ip: '192.168.1.33', os.name: 'Windows 10', os.arch: 'amd64', os.version: '10.0', java.version: '15.0.1'
Driver info: io.appium.java_client.android.AndroidDriver
Capabilities {adbExecTimeout: 10000000, app: F:\Test_Goldenscent/Applica..., appPackage: com.exa.nanamarket.staging, autoGrantPermissions: true, automationName: appium, databaseEnabled: false, desired: {adbExecTimeout: 10000000, app: F:\Test_Goldenscent/Applica..., autoGrantPermissions: true, automationName: appium, deviceName: Android Device, fullReset: false, newCommandTimeout: 100000, noReset: true, platformName: android}, deviceApiLevel: 28, deviceManufacturer: HUAWEI, deviceModel: JKM-LX1, deviceName: DEF4C19712004814, deviceScreenDensity: 408, deviceScreenSize: 1080x2340, deviceUDID: DEF4C19712004814, fullReset: false, javascriptEnabled: true, locationContextEnabled: false, networkConnectionEnabled: true, newCommandTimeout: 100000, noReset: true, pixelRatio: 2.55, platform: LINUX, platformName: Android, platformVersion: 9, statBarHeight: 85, takesScreenshot: true, viewportRect: {height: 2052, left: 0, top: 85, width: 1080}, warnings: {}, webStorageEnabled: false}
Session ID: 0162fc8d-495d-4551-b7dd-958b8454ba88
*** Element info: {Using=accessibility id, value=DummySize}
at org.openqa.selenium.remote.http.W3CHttpResponseCodec.createException(W3CHttpResponseCodec.java:187)
at org.openqa.selenium.remote.http.W3CHttpResponseCodec.decode(W3CHttpResponseCodec.java:122)
at org.openqa.selenium.remote.http.W3CHttpResponseCodec.decode(W3CHttpResponseCodec.java:49)
at org.openqa.selenium.remote.HttpCommandExecutor.execute(HttpCommandExecutor.java:158)
at io.appium.java_client.remote.AppiumCommandExecutor.execute(AppiumCommandExecutor.java:247)
at org.openqa.selenium.remote.RemoteWebDriver.execute(RemoteWebDriver.java:552)
at io.appium.java_client.DefaultGenericMobileDriver.execute(DefaultGenericMobileDriver.java:41)
at io.appium.java_client.AppiumDriver.execute(AppiumDriver.java:1)
at io.appium.java_client.android.AndroidDriver.execute(AndroidDriver.java:1)
at org.openqa.selenium.remote.RemoteWebDriver.findElement(RemoteWebDriver.java:323)
at io.appium.java_client.DefaultGenericMobileDriver.findElement(DefaultGenericMobileDriver.java:61)
at io.appium.java_client.AppiumDriver.findElement(AppiumDriver.java:1)
at io.appium.java_client.android.AndroidDriver.findElement(AndroidDriver.java:1)
at io.appium.java_client.FindsByAccessibilityId.findElementByAccessibilityId(FindsByAccessibilityId.java:37)
at io.appium.java_client.MobileBy$ByAccessibilityId.findElement(MobileBy.java:284)
at org.openqa.selenium.remote.RemoteWebDriver.findElement(RemoteWebDriver.java:315)
at io.appium.java_client.DefaultGenericMobileDriver.findElement(DefaultGenericMobileDriver.java:57)
at io.appium.java_client.AppiumDriver.findElement(AppiumDriver.java:1)
at io.appium.java_client.android.AndroidDriver.findElement(AndroidDriver.java:1)
at org.openqa.selenium.support.ui.ExpectedConditions$6.apply(ExpectedConditions.java:182)
at org.openqa.selenium.support.ui.ExpectedConditions$6.apply(ExpectedConditions.java:179)
at org.openqa.selenium.support.ui.FluentWait.until(FluentWait.java:249)
... 30 more
... Removed 29 stack frames]]>
    </failure>
  </testcase> <!-- validateEverySizeHasTheCorrectPrice on [Test1 passed=0 failed=0 skipped=0] -->
  <testcase classname="appTests.Test1" name="validateOnSharingScreen on [Test1 passed=0 failed=0 skipped=0]" time="32.815">
    <failure type="org.openqa.selenium.TimeoutException" message="Expected condition failed: waiting for presence of element located by: By.AccessibilityId: DummyBtn (tried for 30 second(s) with 1000 milliseconds interval)">
      <![CDATA[org.openqa.selenium.TimeoutException: Expected condition failed: waiting for presence of element located by: By.AccessibilityId: DummyBtn (tried for 30 second(s) with 1000 milliseconds interval)
at org.openqa.selenium.support.ui.FluentWait.timeoutException(FluentWait.java:304)
at org.openqa.selenium.support.ui.FluentWait.until(FluentWait.java:272)
at appPages.PageBase.waitUntil(PageBase.java:24)
at appPages.Product_Screen.shareProduct(Product_Screen.java:54)
at appTests.Test1.validateOnSharingScreen(Test1.java:30)
at java.base/java.util.ArrayList.forEach(ArrayList.java:1511)
at com.intellij.rt.testng.IDEARemoteTestNG.run(IDEARemoteTestNG.java:66)
at com.intellij.rt.testng.RemoteTestNGStarter.main(RemoteTestNGStarter.java:109)
Caused by: org.openqa.selenium.NoSuchElementException: An element could not be located on the page using the given search parameters.
For documentation on this error, please visit: https://www.seleniumhq.org/exceptions/no_such_element.html
Build info: version: '3.141.59', revision: 'e82be7d358', time: '2018-11-14T08:17:03'
System info: host: 'DESKTOP-Q48UDK1', ip: '192.168.1.33', os.name: 'Windows 10', os.arch: 'amd64', os.version: '10.0', java.version: '15.0.1'
Driver info: io.appium.java_client.android.AndroidDriver
Capabilities {adbExecTimeout: 10000000, app: F:\Test_Goldenscent/Applica..., appPackage: com.exa.nanamarket.staging, autoGrantPermissions: true, automationName: appium, databaseEnabled: false, desired: {adbExecTimeout: 10000000, app: F:\Test_Goldenscent/Applica..., autoGrantPermissions: true, automationName: appium, deviceName: Android Device, fullReset: false, newCommandTimeout: 100000, noReset: true, platformName: android}, deviceApiLevel: 28, deviceManufacturer: HUAWEI, deviceModel: JKM-LX1, deviceName: DEF4C19712004814, deviceScreenDensity: 408, deviceScreenSize: 1080x2340, deviceUDID: DEF4C19712004814, fullReset: false, javascriptEnabled: true, locationContextEnabled: false, networkConnectionEnabled: true, newCommandTimeout: 100000, noReset: true, pixelRatio: 2.55, platform: LINUX, platformName: Android, platformVersion: 9, statBarHeight: 85, takesScreenshot: true, viewportRect: {height: 2052, left: 0, top: 85, width: 1080}, warnings: {}, webStorageEnabled: false}
Session ID: 0162fc8d-495d-4551-b7dd-958b8454ba88
*** Element info: {Using=accessibility id, value=DummyBtn}
at org.openqa.selenium.remote.http.W3CHttpResponseCodec.createException(W3CHttpResponseCodec.java:187)
at org.openqa.selenium.remote.http.W3CHttpResponseCodec.decode(W3CHttpResponseCodec.java:122)
at org.openqa.selenium.remote.http.W3CHttpResponseCodec.decode(W3CHttpResponseCodec.java:49)
at org.openqa.selenium.remote.HttpCommandExecutor.execute(HttpCommandExecutor.java:158)
at io.appium.java_client.remote.AppiumCommandExecutor.execute(AppiumCommandExecutor.java:247)
at org.openqa.selenium.remote.RemoteWebDriver.execute(RemoteWebDriver.java:552)
at io.appium.java_client.DefaultGenericMobileDriver.execute(DefaultGenericMobileDriver.java:41)
at io.appium.java_client.AppiumDriver.execute(AppiumDriver.java:1)
at io.appium.java_client.android.AndroidDriver.execute(AndroidDriver.java:1)
at org.openqa.selenium.remote.RemoteWebDriver.findElement(RemoteWebDriver.java:323)
at io.appium.java_client.DefaultGenericMobileDriver.findElement(DefaultGenericMobileDriver.java:61)
at io.appium.java_client.AppiumDriver.findElement(AppiumDriver.java:1)
at io.appium.java_client.android.AndroidDriver.findElement(AndroidDriver.java:1)
at io.appium.java_client.FindsByAccessibilityId.findElementByAccessibilityId(FindsByAccessibilityId.java:37)
at io.appium.java_client.MobileBy$ByAccessibilityId.findElement(MobileBy.java:284)
at org.openqa.selenium.remote.RemoteWebDriver.findElement(RemoteWebDriver.java:315)
at io.appium.java_client.DefaultGenericMobileDriver.findElement(DefaultGenericMobileDriver.java:57)
at io.appium.java_client.AppiumDriver.findElement(AppiumDriver.java:1)
at io.appium.java_client.android.AndroidDriver.findElement(AndroidDriver.java:1)
at org.openqa.selenium.support.ui.ExpectedConditions$6.apply(ExpectedConditions.java:182)
at org.openqa.selenium.support.ui.ExpectedConditions$6.apply(ExpectedConditions.java:179)
at org.openqa.selenium.support.ui.FluentWait.until(FluentWait.java:249)
... 30 more
... Removed 29 stack frames]]>
    </failure>
  </testcase> <!-- validateOnSharingScreen on [Test1 passed=0 failed=0 skipped=0] -->
  <testcase classname="appTests.Test1" name="validateSelectingItemSize on [Test1 passed=0 failed=0 skipped=0]" time="33.248">
    <failure type="org.openqa.selenium.TimeoutException" message="Expected condition failed: waiting for presence of element located by: By.AccessibilityId: DummySize (tried for 30 second(s) with 1000 milliseconds interval)">
      <![CDATA[org.openqa.selenium.TimeoutException: Expected condition failed: waiting for presence of element located by: By.AccessibilityId: DummySize (tried for 30 second(s) with 1000 milliseconds interval)
at org.openqa.selenium.support.ui.FluentWait.timeoutException(FluentWait.java:304)
at org.openqa.selenium.support.ui.FluentWait.until(FluentWait.java:272)
at appPages.PageBase.waitUntil(PageBase.java:24)
at appPages.Product_Screen.selectItemSize(Product_Screen.java:39)
at appTests.Test1.validateSelectingItemSize(Test1.java:23)
at java.base/java.util.ArrayList.forEach(ArrayList.java:1511)
at com.intellij.rt.testng.IDEARemoteTestNG.run(IDEARemoteTestNG.java:66)
at com.intellij.rt.testng.RemoteTestNGStarter.main(RemoteTestNGStarter.java:109)
Caused by: org.openqa.selenium.NoSuchElementException: An element could not be located on the page using the given search parameters.
For documentation on this error, please visit: https://www.seleniumhq.org/exceptions/no_such_element.html
Build info: version: '3.141.59', revision: 'e82be7d358', time: '2018-11-14T08:17:03'
System info: host: 'DESKTOP-Q48UDK1', ip: '192.168.1.33', os.name: 'Windows 10', os.arch: 'amd64', os.version: '10.0', java.version: '15.0.1'
Driver info: io.appium.java_client.android.AndroidDriver
Capabilities {adbExecTimeout: 10000000, app: F:\Test_Goldenscent/Applica..., appPackage: com.exa.nanamarket.staging, autoGrantPermissions: true, automationName: appium, databaseEnabled: false, desired: {adbExecTimeout: 10000000, app: F:\Test_Goldenscent/Applica..., autoGrantPermissions: true, automationName: appium, deviceName: Android Device, fullReset: false, newCommandTimeout: 100000, noReset: true, platformName: android}, deviceApiLevel: 28, deviceManufacturer: HUAWEI, deviceModel: JKM-LX1, deviceName: DEF4C19712004814, deviceScreenDensity: 408, deviceScreenSize: 1080x2340, deviceUDID: DEF4C19712004814, fullReset: false, javascriptEnabled: true, locationContextEnabled: false, networkConnectionEnabled: true, newCommandTimeout: 100000, noReset: true, pixelRatio: 2.55, platform: LINUX, platformName: Android, platformVersion: 9, statBarHeight: 85, takesScreenshot: true, viewportRect: {height: 2052, left: 0, top: 85, width: 1080}, warnings: {}, webStorageEnabled: false}
Session ID: 0162fc8d-495d-4551-b7dd-958b8454ba88
*** Element info: {Using=accessibility id, value=DummySize}
at org.openqa.selenium.remote.http.W3CHttpResponseCodec.createException(W3CHttpResponseCodec.java:187)
at org.openqa.selenium.remote.http.W3CHttpResponseCodec.decode(W3CHttpResponseCodec.java:122)
at org.openqa.selenium.remote.http.W3CHttpResponseCodec.decode(W3CHttpResponseCodec.java:49)
at org.openqa.selenium.remote.HttpCommandExecutor.execute(HttpCommandExecutor.java:158)
at io.appium.java_client.remote.AppiumCommandExecutor.execute(AppiumCommandExecutor.java:247)
at org.openqa.selenium.remote.RemoteWebDriver.execute(RemoteWebDriver.java:552)
at io.appium.java_client.DefaultGenericMobileDriver.execute(DefaultGenericMobileDriver.java:41)
at io.appium.java_client.AppiumDriver.execute(AppiumDriver.java:1)
at io.appium.java_client.android.AndroidDriver.execute(AndroidDriver.java:1)
at org.openqa.selenium.remote.RemoteWebDriver.findElement(RemoteWebDriver.java:323)
at io.appium.java_client.DefaultGenericMobileDriver.findElement(DefaultGenericMobileDriver.java:61)
at io.appium.java_client.AppiumDriver.findElement(AppiumDriver.java:1)
at io.appium.java_client.android.AndroidDriver.findElement(AndroidDriver.java:1)
at io.appium.java_client.FindsByAccessibilityId.findElementByAccessibilityId(FindsByAccessibilityId.java:37)
at io.appium.java_client.MobileBy$ByAccessibilityId.findElement(MobileBy.java:284)
at org.openqa.selenium.remote.RemoteWebDriver.findElement(RemoteWebDriver.java:315)
at io.appium.java_client.DefaultGenericMobileDriver.findElement(DefaultGenericMobileDriver.java:57)
at io.appium.java_client.AppiumDriver.findElement(AppiumDriver.java:1)
at io.appium.java_client.android.AndroidDriver.findElement(AndroidDriver.java:1)
at org.openqa.selenium.support.ui.ExpectedConditions$6.apply(ExpectedConditions.java:182)
at org.openqa.selenium.support.ui.ExpectedConditions$6.apply(ExpectedConditions.java:179)
at org.openqa.selenium.support.ui.FluentWait.until(FluentWait.java:249)
... 30 more
... Removed 29 stack frames]]>
    </failure>
  </testcase> <!-- validateSelectingItemSize on [Test1 passed=0 failed=0 skipped=0] -->
</testsuite> <!-- Test_Goldenscent -->
