<?xml version="1.0" encoding="UTF-8"?>
<!-- Generated by org.testng.reporters.JUnitXMLReporter -->
<testsuite ignored="0" hostname="DESKTOP-Q48UDK1" failures="0" tests="5" name="Test_Goldenscent" time="169.884" errors="0" timestamp="2021-08-31T19:55:42 EET">
  <testcase classname="appTests.Test1" name="validateAddProductToCartBtnIsWorking on [Test1 passed=0 failed=0 skipped=0]" time="24.1"/>
  <testcase classname="appTests.Test1" name="validateItemSizeIsSelectable on [Test1 passed=0 failed=0 skipped=0]" time="18.706"/>
  <testcase classname="appTests.Test1" name="validateOnContinueShopping on [Test1 passed=0 failed=0 skipped=0]" time="19.305"/>
  <testcase classname="appTests.Test1" name="validateOnPriceAndSizeDisplay on [Test1 passed=0 failed=0 skipped=0]" time="21.049"/>
  <testcase classname="appTests.Test1" name="validateOnSharingScreen on [Test1 passed=0 failed=0 skipped=0]" time="17.27"/>
</testsuite> <!-- Test_Goldenscent -->
