<?xml version="1.0" encoding="UTF-8"?>
<testng-results ignored="0" total="5" passed="5" failed="0" skipped="0">
  <reporter-output>
  </reporter-output>
  <suite started-at="2021-08-31T19:52:52 EET" name="Default Suite" finished-at="2021-08-31T19:55:42 EET" duration-ms="169884">
    <groups>
    </groups>
    <test started-at="2021-08-31T19:52:52 EET" name="Test_Goldenscent" finished-at="2021-08-31T19:55:42 EET" duration-ms="169884">
      <class name="appTests.Test1">
        <test-method is-config="true" signature="initializeClassTestData()[pri:0, instance:[Test1 passed=0 failed=0 skipped=0]]" started-at="2021-08-31T19:52:52 EET" name="initializeClassTestData" finished-at="2021-08-31T19:53:15 EET" duration-ms="22562" status="PASS">
          <reporter-output>
          </reporter-output>
        </test-method> <!-- initializeClassTestData -->
        <test-method is-config="true" signature="initializeClassTestCaseData()[pri:0, instance:[Test1 passed=0 failed=0 skipped=0]]" started-at="2021-08-31T19:53:15 EET" name="initializeClassTestCaseData" finished-at="2021-08-31T19:53:20 EET" duration-ms="5018" status="PASS">
          <reporter-output>
          </reporter-output>
        </test-method> <!-- initializeClassTestCaseData -->
        <test-method signature="validateAddProductToCartBtnIsWorking()[pri:1, instance:[Test1 passed=0 failed=0 skipped=0]]" started-at="2021-08-31T19:53:20 EET" name="validateAddProductToCartBtnIsWorking" finished-at="2021-08-31T19:53:44 EET" duration-ms="24100" status="PASS">
          <reporter-output>
          </reporter-output>
        </test-method> <!-- validateAddProductToCartBtnIsWorking -->
        <test-method is-config="true" signature="clearTestData(org.testng.ITestResult)[pri:0, instance:[Test1 passed=0 failed=0 skipped=0]]" started-at="2021-08-31T19:53:44 EET" name="clearTestData" finished-at="2021-08-31T19:53:45 EET" duration-ms="1759" status="PASS">
          <params>
            <param index="0">
              <value>
                <![CDATA[[TestResult name=validateAddProductToCartBtnIsWorking on [Test1 passed=0 failed=0 skipped=0] status=SUCCESS method=Test1.validateAddProductToCartBtnIsWorking()[pri:1, instance:[Test1 passed=0 failed=0 skipped=0]] output={null}]]]>
              </value>
            </param>
          </params>
          <reporter-output>
          </reporter-output>
        </test-method> <!-- clearTestData -->
        <test-method is-config="true" signature="initializeClassTestCaseData()[pri:0, instance:[Test1 passed=0 failed=0 skipped=0]]" started-at="2021-08-31T19:53:45 EET" name="initializeClassTestCaseData" finished-at="2021-08-31T19:53:50 EET" duration-ms="4178" status="PASS">
          <reporter-output>
          </reporter-output>
        </test-method> <!-- initializeClassTestCaseData -->
        <test-method signature="validateItemSizeIsSelectable()[pri:2, instance:[Test1 passed=0 failed=0 skipped=0]]" started-at="2021-08-31T19:53:50 EET" name="validateItemSizeIsSelectable" finished-at="2021-08-31T19:54:08 EET" duration-ms="18706" status="PASS">
          <reporter-output>
          </reporter-output>
        </test-method> <!-- validateItemSizeIsSelectable -->
        <test-method is-config="true" signature="clearTestData(org.testng.ITestResult)[pri:0, instance:[Test1 passed=0 failed=0 skipped=0]]" started-at="2021-08-31T19:54:08 EET" name="clearTestData" finished-at="2021-08-31T19:54:10 EET" duration-ms="1385" status="PASS">
          <params>
            <param index="0">
              <value>
                <![CDATA[[TestResult name=validateItemSizeIsSelectable on [Test1 passed=0 failed=0 skipped=0] status=SUCCESS method=Test1.validateItemSizeIsSelectable()[pri:2, instance:[Test1 passed=0 failed=0 skipped=0]] output={null}]]]>
              </value>
            </param>
          </params>
          <reporter-output>
          </reporter-output>
        </test-method> <!-- clearTestData -->
        <test-method is-config="true" signature="initializeClassTestCaseData()[pri:0, instance:[Test1 passed=0 failed=0 skipped=0]]" started-at="2021-08-31T19:54:10 EET" name="initializeClassTestCaseData" finished-at="2021-08-31T19:54:14 EET" duration-ms="4062" status="PASS">
          <reporter-output>
          </reporter-output>
        </test-method> <!-- initializeClassTestCaseData -->
        <test-method signature="validateOnContinueShopping()[pri:3, instance:[Test1 passed=0 failed=0 skipped=0]]" started-at="2021-08-31T19:54:14 EET" name="validateOnContinueShopping" finished-at="2021-08-31T19:54:33 EET" duration-ms="19305" status="PASS">
          <reporter-output>
          </reporter-output>
        </test-method> <!-- validateOnContinueShopping -->
        <test-method is-config="true" signature="clearTestData(org.testng.ITestResult)[pri:0, instance:[Test1 passed=0 failed=0 skipped=0]]" started-at="2021-08-31T19:54:33 EET" name="clearTestData" finished-at="2021-08-31T19:54:35 EET" duration-ms="1521" status="PASS">
          <params>
            <param index="0">
              <value>
                <![CDATA[[TestResult name=validateOnContinueShopping on [Test1 passed=0 failed=0 skipped=0] status=SUCCESS method=Test1.validateOnContinueShopping()[pri:3, instance:[Test1 passed=0 failed=0 skipped=0]] output={null}]]]>
              </value>
            </param>
          </params>
          <reporter-output>
          </reporter-output>
        </test-method> <!-- clearTestData -->
        <test-method is-config="true" signature="initializeClassTestCaseData()[pri:0, instance:[Test1 passed=0 failed=0 skipped=0]]" started-at="2021-08-31T19:54:35 EET" name="initializeClassTestCaseData" finished-at="2021-08-31T19:54:39 EET" duration-ms="4201" status="PASS">
          <reporter-output>
          </reporter-output>
        </test-method> <!-- initializeClassTestCaseData -->
        <test-method signature="validateOnPriceAndSizeDisplay()[pri:3, instance:[Test1 passed=0 failed=0 skipped=0]]" started-at="2021-08-31T19:54:39 EET" name="validateOnPriceAndSizeDisplay" finished-at="2021-08-31T19:55:00 EET" duration-ms="21049" status="PASS">
          <reporter-output>
          </reporter-output>
        </test-method> <!-- validateOnPriceAndSizeDisplay -->
        <test-method is-config="true" signature="clearTestData(org.testng.ITestResult)[pri:0, instance:[Test1 passed=0 failed=0 skipped=0]]" started-at="2021-08-31T19:55:00 EET" name="clearTestData" finished-at="2021-08-31T19:55:01 EET" duration-ms="1440" status="PASS">
          <params>
            <param index="0">
              <value>
                <![CDATA[[TestResult name=validateOnPriceAndSizeDisplay on [Test1 passed=0 failed=0 skipped=0] status=SUCCESS method=Test1.validateOnPriceAndSizeDisplay()[pri:3, instance:[Test1 passed=0 failed=0 skipped=0]] output={null}]]]>
              </value>
            </param>
          </params>
          <reporter-output>
          </reporter-output>
        </test-method> <!-- clearTestData -->
        <test-method is-config="true" signature="initializeClassTestCaseData()[pri:0, instance:[Test1 passed=0 failed=0 skipped=0]]" started-at="2021-08-31T19:55:01 EET" name="initializeClassTestCaseData" finished-at="2021-08-31T19:55:06 EET" duration-ms="4222" status="PASS">
          <reporter-output>
          </reporter-output>
        </test-method> <!-- initializeClassTestCaseData -->
        <test-method signature="validateOnSharingScreen()[pri:3, instance:[Test1 passed=0 failed=0 skipped=0]]" started-at="2021-08-31T19:55:06 EET" name="validateOnSharingScreen" finished-at="2021-08-31T19:55:23 EET" duration-ms="17270" status="PASS">
          <reporter-output>
          </reporter-output>
        </test-method> <!-- validateOnSharingScreen -->
        <test-method is-config="true" signature="clearTestData(org.testng.ITestResult)[pri:0, instance:[Test1 passed=0 failed=0 skipped=0]]" started-at="2021-08-31T19:55:23 EET" name="clearTestData" finished-at="2021-08-31T19:55:24 EET" duration-ms="1320" status="PASS">
          <params>
            <param index="0">
              <value>
                <![CDATA[[TestResult name=validateOnSharingScreen on [Test1 passed=0 failed=0 skipped=0] status=SUCCESS method=Test1.validateOnSharingScreen()[pri:3, instance:[Test1 passed=0 failed=0 skipped=0]] output={null}]]]>
              </value>
            </param>
          </params>
          <reporter-output>
          </reporter-output>
        </test-method> <!-- clearTestData -->
        <test-method is-config="true" signature="clearTestClassTestData()[pri:0, instance:[Test1 passed=0 failed=0 skipped=0]]" started-at="2021-08-31T19:55:24 EET" name="clearTestClassTestData" finished-at="2021-08-31T19:55:42 EET" duration-ms="17719" status="PASS">
          <reporter-output>
          </reporter-output>
        </test-method> <!-- clearTestClassTestData -->
      </class> <!-- appTests.Test1 -->
    </test> <!-- Test_Goldenscent -->
  </suite> <!-- Default Suite -->
</testng-results>
